<?xml version="1.0" encoding="UTF-8"?>
<testsuite name="com.synisys.idm.microservices.ApplicationTests" tests="1" skipped="0" failures="0" errors="0" timestamp="2016-07-31T22:22:40" hostname="SIS2N047.local" time="0.001">
  <properties/>
  <testcase name="contextLoads" classname="com.synisys.idm.microservices.ApplicationTests" time="0.001"/>
  <system-out><![CDATA[02:22:36.293 [Test worker] DEBUG org.springframework.test.context.junit4.SpringJUnit4ClassRunner - SpringJUnit4ClassRunner constructor called with [class com.synisys.idm.microservices.ApplicationTests]
02:22:36.298 [Test worker] DEBUG org.springframework.test.context.BootstrapUtils - Instantiating CacheAwareContextLoaderDelegate from class [org.springframework.test.context.cache.DefaultCacheAwareContextLoaderDelegate]
02:22:36.302 [Test worker] DEBUG org.springframework.test.context.BootstrapUtils - Instantiating BootstrapContext using constructor [public org.springframework.test.context.support.DefaultBootstrapContext(java.lang.Class,org.springframework.test.context.CacheAwareContextLoaderDelegate)]
02:22:36.311 [Test worker] DEBUG org.springframework.test.context.BootstrapUtils - Instantiating TestContextBootstrapper for test class [com.synisys.idm.microservices.ApplicationTests] from class [org.springframework.test.context.web.WebTestContextBootstrapper]
02:22:36.326 [Test worker] DEBUG org.springframework.test.context.web.WebTestContextBootstrapper - Found explicit ContextLoader class [org.springframework.boot.test.SpringApplicationContextLoader] for context configuration attributes [ContextConfigurationAttributes@eae33c9 declaringClass = 'com.synisys.idm.microservices.ApplicationTests', classes = '{class com.synisys.idm.microservices.AuthenticationApplication}', locations = '{}', inheritLocations = true, initializers = '{}', inheritInitializers = true, name = [null], contextLoaderClass = 'org.springframework.boot.test.SpringApplicationContextLoader']
02:22:36.333 [Test worker] DEBUG org.springframework.test.context.support.AbstractContextLoader - Did not detect default resource location for test class [com.synisys.idm.microservices.ApplicationTests]: class path resource [com/synisys/idm/microservices/ApplicationTests-context.xml] does not exist
02:22:36.334 [Test worker] DEBUG org.springframework.test.context.support.AbstractContextLoader - Did not detect default resource location for test class [com.synisys.idm.microservices.ApplicationTests]: class path resource [com/synisys/idm/microservices/ApplicationTestsContext.groovy] does not exist
02:22:36.334 [Test worker] INFO org.springframework.test.context.support.AbstractContextLoader - Could not detect default resource locations for test class [com.synisys.idm.microservices.ApplicationTests]: no resource found for suffixes {-context.xml, Context.groovy}.
02:22:36.335 [Test worker] DEBUG org.springframework.test.context.support.ActiveProfilesUtils - Could not find an 'annotation declaring class' for annotation type [org.springframework.test.context.ActiveProfiles] and class [com.synisys.idm.microservices.ApplicationTests]
02:22:36.338 [Test worker] DEBUG org.springframework.test.context.web.WebTestContextBootstrapper - @TestExecutionListeners is not present for class [com.synisys.idm.microservices.ApplicationTests]: using defaults.
02:22:36.347 [Test worker] INFO org.springframework.test.context.web.WebTestContextBootstrapper - Loaded default TestExecutionListener class names from location [META-INF/spring.factories]: [org.springframework.test.context.web.ServletTestExecutionListener, org.springframework.test.context.support.DirtiesContextBeforeModesTestExecutionListener, org.springframework.test.context.support.DependencyInjectionTestExecutionListener, org.springframework.test.context.support.DirtiesContextTestExecutionListener, org.springframework.test.context.transaction.TransactionalTestExecutionListener, org.springframework.test.context.jdbc.SqlScriptsTestExecutionListener]
02:22:36.356 [Test worker] INFO org.springframework.test.context.web.WebTestContextBootstrapper - Could not instantiate TestExecutionListener [org.springframework.test.context.transaction.TransactionalTestExecutionListener]. Specify custom listener classes or make the default listener classes (and their required dependencies) available. Offending class: [org/springframework/transaction/interceptor/TransactionAttributeSource]
02:22:36.356 [Test worker] INFO org.springframework.test.context.web.WebTestContextBootstrapper - Could not instantiate TestExecutionListener [org.springframework.test.context.jdbc.SqlScriptsTestExecutionListener]. Specify custom listener classes or make the default listener classes (and their required dependencies) available. Offending class: [org/springframework/transaction/interceptor/TransactionAttribute]
02:22:36.358 [Test worker] INFO org.springframework.test.context.web.WebTestContextBootstrapper - Using TestExecutionListeners: [org.springframework.test.context.web.ServletTestExecutionListener@58def257, org.springframework.test.context.support.DirtiesContextBeforeModesTestExecutionListener@33c5537f, org.springframework.test.context.support.DependencyInjectionTestExecutionListener@1f708265, org.springframework.test.context.support.DirtiesContextTestExecutionListener@224033f3]
02:22:36.360 [Test worker] DEBUG org.springframework.test.annotation.ProfileValueUtils - Retrieved @ProfileValueSourceConfiguration [null] for test class [com.synisys.idm.microservices.ApplicationTests]
02:22:36.360 [Test worker] DEBUG org.springframework.test.annotation.ProfileValueUtils - Retrieved ProfileValueSource type [class org.springframework.test.annotation.SystemProfileValueSource] for class [com.synisys.idm.microservices.ApplicationTests]
02:22:36.361 [Test worker] DEBUG org.springframework.test.annotation.ProfileValueUtils - Retrieved @ProfileValueSourceConfiguration [null] for test class [com.synisys.idm.microservices.ApplicationTests]
02:22:36.361 [Test worker] DEBUG org.springframework.test.annotation.ProfileValueUtils - Retrieved ProfileValueSource type [class org.springframework.test.annotation.SystemProfileValueSource] for class [com.synisys.idm.microservices.ApplicationTests]
02:22:36.364 [Test worker] DEBUG org.springframework.test.context.support.AbstractDirtiesContextTestExecutionListener - Before test class: context [DefaultTestContext@63d4b921 testClass = ApplicationTests, testInstance = [null], testMethod = [null], testException = [null], mergedContextConfiguration = [WebMergedContextConfiguration@5d538c64 testClass = ApplicationTests, locations = '{}', classes = '{class com.synisys.idm.microservices.AuthenticationApplication}', contextInitializerClasses = '[]', activeProfiles = '{}', propertySourceLocations = '{}', propertySourceProperties = '{}', resourceBasePath = 'src/main/webapp', contextLoader = 'org.springframework.boot.test.SpringApplicationContextLoader', parent = [null]]], class annotated with @DirtiesContext [false] with mode [null].
02:22:36.365 [Test worker] DEBUG org.springframework.test.annotation.ProfileValueUtils - Retrieved @ProfileValueSourceConfiguration [null] for test class [com.synisys.idm.microservices.ApplicationTests]
02:22:36.365 [Test worker] DEBUG org.springframework.test.annotation.ProfileValueUtils - Retrieved ProfileValueSource type [class org.springframework.test.annotation.SystemProfileValueSource] for class [com.synisys.idm.microservices.ApplicationTests]
02:22:36.435 [Test worker] DEBUG org.springframework.core.env.StandardEnvironment - Adding [systemProperties] PropertySource with lowest search precedence
02:22:36.436 [Test worker] DEBUG org.springframework.core.env.StandardEnvironment - Adding [systemEnvironment] PropertySource with lowest search precedence
02:22:36.437 [Test worker] DEBUG org.springframework.core.env.StandardEnvironment - Initialized StandardEnvironment with PropertySources [systemProperties,systemEnvironment]
02:22:36.438 [Test worker] DEBUG org.springframework.core.env.StandardEnvironment - Adding [integrationTest] PropertySource with search precedence immediately lower than [systemEnvironment]
2016-08-01 02:22:36.751  INFO [authentication-authorization-service,,,] 50382 --- [    Test worker] s.c.a.AnnotationConfigApplicationContext : Refreshing org.springframework.context.annotation.AnnotationConfigApplicationContext@614ed896: startup date [Mon Aug 01 02:22:36 AMT 2016]; root of context hierarchy
2016-08-01 02:22:36.960  INFO [authentication-authorization-service,,,] 50382 --- [    Test worker] trationDelegate$BeanPostProcessorChecker : Bean 'configurationPropertiesRebinderAutoConfiguration' of type [class org.springframework.cloud.autoconfigure.ConfigurationPropertiesRebinderAutoConfiguration$$EnhancerBySpringCGLIB$$b35ad147] is not eligible for getting processed by all BeanPostProcessors (for example: not eligible for auto-proxying)

  .   ____          _            __ _ _
 /\\ / ___'_ __ _ _(_)_ __  __ _ \ \ \ \
( ( )\___ | '_ | '_| | '_ \/ _` | \ \ \ \
 \\/  ___)| |_)| | | | | || (_| |  ) ) ) )
  '  |____| .__|_| |_|_| |_\__, | / / / /
 =========|_|==============|___/=/_/_/_/
 :: Spring Boot ::  (v1.3.8.BUILD-SNAPSHOT)

2016-08-01 02:22:37.208  INFO [authentication-authorization-service,,,] 50382 --- [    Test worker] c.c.c.ConfigServicePropertySourceLocator : Fetching config from server at: http://localhost:8888
2016-08-01 02:22:37.327  WARN [authentication-authorization-service,,,] 50382 --- [    Test worker] c.c.c.ConfigServicePropertySourceLocator : Could not locate PropertySource: I/O error on GET request for "http://localhost:8888/authentication-authorization-service/default": Connection refused; nested exception is java.net.ConnectException: Connection refused
2016-08-01 02:22:37.328  INFO [authentication-authorization-service,,,] 50382 --- [    Test worker] c.s.idm.microservices.ApplicationTests   : No active profile set, falling back to default profiles: default
2016-08-01 02:22:37.337  INFO [authentication-authorization-service,,,] 50382 --- [    Test worker] o.s.w.c.s.GenericWebApplicationContext   : Refreshing org.springframework.web.context.support.GenericWebApplicationContext@5a950f07: startup date [Mon Aug 01 02:22:37 AMT 2016]; parent: org.springframework.context.annotation.AnnotationConfigApplicationContext@614ed896
2016-08-01 02:22:37.944  WARN [authentication-authorization-service,,,] 50382 --- [    Test worker] o.s.c.a.ConfigurationClassPostProcessor  : Cannot enhance @Configuration bean definition 'refreshScope' since its singleton instance has been created too early. The typical cause is a non-static @Bean method with a BeanDefinitionRegistryPostProcessor return type: Consider declaring such methods as 'static'.
2016-08-01 02:22:38.043  INFO [authentication-authorization-service,,,] 50382 --- [    Test worker] o.s.cloud.context.scope.GenericScope     : BeanFactory id=e53966c3-457c-3ea9-a9e4-016179b7e4ad
2016-08-01 02:22:38.084  INFO [authentication-authorization-service,,,] 50382 --- [    Test worker] trationDelegate$BeanPostProcessorChecker : Bean 'org.springframework.cloud.sleuth.instrument.async.AsyncDefaultAutoConfiguration$DefaultAsyncConfigurerSupport' of type [class org.springframework.cloud.sleuth.instrument.async.AsyncDefaultAutoConfiguration$DefaultAsyncConfigurerSupport$$EnhancerBySpringCGLIB$$d4826c0d] is not eligible for getting processed by all BeanPostProcessors (for example: not eligible for auto-proxying)
2016-08-01 02:22:38.292  INFO [authentication-authorization-service,,,] 50382 --- [    Test worker] trationDelegate$BeanPostProcessorChecker : Bean 'org.springframework.cloud.autoconfigure.ConfigurationPropertiesRebinderAutoConfiguration' of type [class org.springframework.cloud.autoconfigure.ConfigurationPropertiesRebinderAutoConfiguration$$EnhancerBySpringCGLIB$$b35ad147] is not eligible for getting processed by all BeanPostProcessors (for example: not eligible for auto-proxying)
2016-08-01 02:22:38.305  INFO [authentication-authorization-service,,,] 50382 --- [    Test worker] trationDelegate$BeanPostProcessorChecker : Bean 'org.springframework.cloud.autoconfigure.RefreshEndpointAutoConfiguration' of type [class org.springframework.cloud.autoconfigure.RefreshEndpointAutoConfiguration$$EnhancerBySpringCGLIB$$5cb9d33d] is not eligible for getting processed by all BeanPostProcessors (for example: not eligible for auto-proxying)
2016-08-01 02:22:39.518  INFO [authentication-authorization-service,,,] 50382 --- [    Test worker] s.w.s.m.m.a.RequestMappingHandlerAdapter : Looking for @ControllerAdvice: org.springframework.web.context.support.GenericWebApplicationContext@5a950f07: startup date [Mon Aug 01 02:22:37 AMT 2016]; parent: org.springframework.context.annotation.AnnotationConfigApplicationContext@614ed896
2016-08-01 02:22:39.612  INFO [authentication-authorization-service,,,] 50382 --- [    Test worker] s.w.s.m.m.a.RequestMappingHandlerMapping : Mapped "{[/authenticate]}" onto public com.synisys.idm.microservices.authentication.AuthenticationResult com.synisys.idm.microservices.endpoint.AuthenticationController.authenticate()
2016-08-01 02:22:39.614  INFO [authentication-authorization-service,,,] 50382 --- [    Test worker] s.w.s.m.m.a.RequestMappingHandlerMapping : Mapped "{[/error]}" onto public org.springframework.http.ResponseEntity<java.util.Map<java.lang.String, java.lang.Object>> org.springframework.boot.autoconfigure.web.BasicErrorController.error(javax.servlet.http.HttpServletRequest)
2016-08-01 02:22:39.614  INFO [authentication-authorization-service,,,] 50382 --- [    Test worker] s.w.s.m.m.a.RequestMappingHandlerMapping : Mapped "{[/error],produces=[text/html]}" onto public org.springframework.web.servlet.ModelAndView org.springframework.boot.autoconfigure.web.BasicErrorController.errorHtml(javax.servlet.http.HttpServletRequest,javax.servlet.http.HttpServletResponse)
2016-08-01 02:22:39.688  INFO [authentication-authorization-service,,,] 50382 --- [    Test worker] o.s.w.s.handler.SimpleUrlHandlerMapping  : Mapped URL path [/webjars/**] onto handler of type [class org.springframework.web.servlet.resource.ResourceHttpRequestHandler]
2016-08-01 02:22:39.688  INFO [authentication-authorization-service,,,] 50382 --- [    Test worker] o.s.w.s.handler.SimpleUrlHandlerMapping  : Mapped URL path [/**] onto handler of type [class org.springframework.web.servlet.resource.ResourceHttpRequestHandler]
2016-08-01 02:22:39.739  INFO [authentication-authorization-service,,,] 50382 --- [    Test worker] o.s.w.s.handler.SimpleUrlHandlerMapping  : Mapped URL path [/**/favicon.ico] onto handler of type [class org.springframework.web.servlet.resource.ResourceHttpRequestHandler]
2016-08-01 02:22:39.773  INFO [authentication-authorization-service,,,] 50382 --- [    Test worker] org.eclipse.jetty.util.log               : Logging initialized @4124ms
2016-08-01 02:22:40.215  INFO [authentication-authorization-service,,,] 50382 --- [    Test worker] o.s.b.a.e.mvc.EndpointHandlerMapping     : Mapped "{[/env],methods=[POST]}" onto public java.lang.Object org.springframework.cloud.context.environment.EnvironmentManagerMvcEndpoint.value(java.util.Map<java.lang.String, java.lang.String>)
2016-08-01 02:22:40.215  INFO [authentication-authorization-service,,,] 50382 --- [    Test worker] o.s.b.a.e.mvc.EndpointHandlerMapping     : Mapped "{[/env/reset],methods=[POST]}" onto public java.util.Map<java.lang.String, java.lang.Object> org.springframework.cloud.context.environment.EnvironmentManagerMvcEndpoint.reset()
2016-08-01 02:22:40.216  INFO [authentication-authorization-service,,,] 50382 --- [    Test worker] o.s.b.a.e.mvc.EndpointHandlerMapping     : Mapped "{[/trace || /trace.json],methods=[GET],produces=[application/json]}" onto public java.lang.Object org.springframework.boot.actuate.endpoint.mvc.EndpointMvcAdapter.invoke()
2016-08-01 02:22:40.216  INFO [authentication-authorization-service,,,] 50382 --- [    Test worker] o.s.b.a.e.mvc.EndpointHandlerMapping     : Mapped "{[/pause || /pause.json],methods=[POST]}" onto public java.lang.Object org.springframework.cloud.endpoint.GenericPostableMvcEndpoint.invoke()
2016-08-01 02:22:40.218  INFO [authentication-authorization-service,,,] 50382 --- [    Test worker] o.s.b.a.e.mvc.EndpointHandlerMapping     : Mapped "{[/restart || /restart.json],methods=[POST]}" onto public java.lang.Object org.springframework.cloud.context.restart.RestartMvcEndpoint.invoke()
2016-08-01 02:22:40.219  INFO [authentication-authorization-service,,,] 50382 --- [    Test worker] o.s.b.a.e.mvc.EndpointHandlerMapping     : Mapped "{[/autoconfig || /autoconfig.json],methods=[GET],produces=[application/json]}" onto public java.lang.Object org.springframework.boot.actuate.endpoint.mvc.EndpointMvcAdapter.invoke()
2016-08-01 02:22:40.219  INFO [authentication-authorization-service,,,] 50382 --- [    Test worker] o.s.b.a.e.mvc.EndpointHandlerMapping     : Mapped "{[/refresh || /refresh.json],methods=[POST]}" onto public java.lang.Object org.springframework.cloud.endpoint.GenericPostableMvcEndpoint.invoke()
2016-08-01 02:22:40.220  INFO [authentication-authorization-service,,,] 50382 --- [    Test worker] o.s.b.a.e.mvc.EndpointHandlerMapping     : Mapped "{[/health || /health.json],produces=[application/json]}" onto public java.lang.Object org.springframework.boot.actuate.endpoint.mvc.HealthMvcEndpoint.invoke(java.security.Principal)
2016-08-01 02:22:40.221  INFO [authentication-authorization-service,,,] 50382 --- [    Test worker] o.s.b.a.e.mvc.EndpointHandlerMapping     : Mapped "{[/env/{name:.*}],methods=[GET],produces=[application/json]}" onto public java.lang.Object org.springframework.boot.actuate.endpoint.mvc.EnvironmentMvcEndpoint.value(java.lang.String)
2016-08-01 02:22:40.221  INFO [authentication-authorization-service,,,] 50382 --- [    Test worker] o.s.b.a.e.mvc.EndpointHandlerMapping     : Mapped "{[/env || /env.json],methods=[GET],produces=[application/json]}" onto public java.lang.Object org.springframework.boot.actuate.endpoint.mvc.EndpointMvcAdapter.invoke()
2016-08-01 02:22:40.222  INFO [authentication-authorization-service,,,] 50382 --- [    Test worker] o.s.b.a.e.mvc.EndpointHandlerMapping     : Mapped "{[/mappings || /mappings.json],methods=[GET],produces=[application/json]}" onto public java.lang.Object org.springframework.boot.actuate.endpoint.mvc.EndpointMvcAdapter.invoke()
2016-08-01 02:22:40.222  INFO [authentication-authorization-service,,,] 50382 --- [    Test worker] o.s.b.a.e.mvc.EndpointHandlerMapping     : Mapped "{[/info || /info.json],methods=[GET],produces=[application/json]}" onto public java.lang.Object org.springframework.boot.actuate.endpoint.mvc.EndpointMvcAdapter.invoke()
2016-08-01 02:22:40.223  INFO [authentication-authorization-service,,,] 50382 --- [    Test worker] o.s.b.a.e.mvc.EndpointHandlerMapping     : Mapped "{[/beans || /beans.json],methods=[GET],produces=[application/json]}" onto public java.lang.Object org.springframework.boot.actuate.endpoint.mvc.EndpointMvcAdapter.invoke()
2016-08-01 02:22:40.224  INFO [authentication-authorization-service,,,] 50382 --- [    Test worker] o.s.b.a.e.mvc.EndpointHandlerMapping     : Mapped "{[/metrics/{name:.*}],methods=[GET],produces=[application/json]}" onto public java.lang.Object org.springframework.boot.actuate.endpoint.mvc.MetricsMvcEndpoint.value(java.lang.String)
2016-08-01 02:22:40.224  INFO [authentication-authorization-service,,,] 50382 --- [    Test worker] o.s.b.a.e.mvc.EndpointHandlerMapping     : Mapped "{[/metrics || /metrics.json],methods=[GET],produces=[application/json]}" onto public java.lang.Object org.springframework.boot.actuate.endpoint.mvc.EndpointMvcAdapter.invoke()
2016-08-01 02:22:40.225  INFO [authentication-authorization-service,,,] 50382 --- [    Test worker] o.s.b.a.e.mvc.EndpointHandlerMapping     : Mapped "{[/resume || /resume.json],methods=[POST]}" onto public java.lang.Object org.springframework.cloud.endpoint.GenericPostableMvcEndpoint.invoke()
2016-08-01 02:22:40.225  INFO [authentication-authorization-service,,,] 50382 --- [    Test worker] o.s.b.a.e.mvc.EndpointHandlerMapping     : Mapped "{[/dump || /dump.json],methods=[GET],produces=[application/json]}" onto public java.lang.Object org.springframework.boot.actuate.endpoint.mvc.EndpointMvcAdapter.invoke()
2016-08-01 02:22:40.226  INFO [authentication-authorization-service,,,] 50382 --- [    Test worker] o.s.b.a.e.mvc.EndpointHandlerMapping     : Mapped "{[/configprops || /configprops.json],methods=[GET],produces=[application/json]}" onto public java.lang.Object org.springframework.boot.actuate.endpoint.mvc.EndpointMvcAdapter.invoke()
2016-08-01 02:22:40.485  INFO [authentication-authorization-service,,,] 50382 --- [    Test worker] o.s.s.c.ThreadPoolTaskScheduler          : Initializing ExecutorService 
2016-08-01 02:22:40.677  INFO [authentication-authorization-service,,,] 50382 --- [    Test worker] c.s.idm.microservices.ApplicationTests   : Started ApplicationTests in 4.232 seconds (JVM running for 5.03)
]]></system-out>
  <system-err><![CDATA[]]></system-err>
</testsuite>
